0 info it worked if it ends with ok
1 verbose cli [ 'C:\\Program Files\\nodejs\\node.exe',
1 verbose cli   'C:\\Program Files\\nodejs\\node_modules\\npm\\bin\\npm-cli.js',
1 verbose cli   'install',
1 verbose cli   'vue-router@0.75',
1 verbose cli   '--save-dev' ]
2 info using npm@3.10.8
3 info using node@v6.9.1
4 silly loadCurrentTree Starting
5 silly install loadCurrentTree
6 silly install readLocalPackageData
7 silly fetchPackageMetaData vue-router@0.75
8 silly fetchNamedPackageData vue-router
9 silly mapToRegistry name vue-router
10 silly mapToRegistry using default registry
11 silly mapToRegistry registry https://registry.npmjs.org/
12 silly mapToRegistry data Result {
12 silly mapToRegistry   raw: 'vue-router',
12 silly mapToRegistry   scope: null,
12 silly mapToRegistry   escapedName: 'vue-router',
12 silly mapToRegistry   name: 'vue-router',
12 silly mapToRegistry   rawSpec: '',
12 silly mapToRegistry   spec: 'latest',
12 silly mapToRegistry   type: 'tag' }
13 silly mapToRegistry uri https://registry.npmjs.org/vue-router
14 verbose request uri https://registry.npmjs.org/vue-router
15 verbose request no auth needed
16 info attempt registry request try #1 at 23:10:40
17 verbose request id e37466d61d6ed04a
18 verbose etag W/"5906eda5-1fd9c"
19 verbose lastModified Mon, 01 May 2017 08:11:17 GMT
20 http request GET https://registry.npmjs.org/vue-router
21 http 200 https://registry.npmjs.org/vue-router
22 verbose headers { server: 'nginx/1.10.3',
22 verbose headers   'content-type': 'application/json',
22 verbose headers   'last-modified': 'Fri, 25 Aug 2017 10:53:12 GMT',
22 verbose headers   etag: 'W/"59a00198-21481"',
22 verbose headers   'content-encoding': 'gzip',
22 verbose headers   'cache-control': 'max-age=300',
22 verbose headers   'content-length': '10838',
22 verbose headers   'accept-ranges': 'bytes',
22 verbose headers   date: 'Thu, 31 Aug 2017 15:12:41 GMT',
22 verbose headers   via: '1.1 varnish',
22 verbose headers   age: '74',
22 verbose headers   connection: 'keep-alive',
22 verbose headers   'x-served-by': 'cache-nrt6125-NRT',
22 verbose headers   'x-cache': 'HIT',
22 verbose headers   'x-cache-hits': '1',
22 verbose headers   'x-timer': 'S1504192362.690096,VS0,VE0',
22 verbose headers   vary: 'Accept-Encoding, Accept' }
23 silly get cb [ 200,
23 silly get   { server: 'nginx/1.10.3',
23 silly get     'content-type': 'application/json',
23 silly get     'last-modified': 'Fri, 25 Aug 2017 10:53:12 GMT',
23 silly get     etag: 'W/"59a00198-21481"',
23 silly get     'content-encoding': 'gzip',
23 silly get     'cache-control': 'max-age=300',
23 silly get     'content-length': '10838',
23 silly get     'accept-ranges': 'bytes',
23 silly get     date: 'Thu, 31 Aug 2017 15:12:41 GMT',
23 silly get     via: '1.1 varnish',
23 silly get     age: '74',
23 silly get     connection: 'keep-alive',
23 silly get     'x-served-by': 'cache-nrt6125-NRT',
23 silly get     'x-cache': 'HIT',
23 silly get     'x-cache-hits': '1',
23 silly get     'x-timer': 'S1504192362.690096,VS0,VE0',
23 silly get     vary: 'Accept-Encoding, Accept' } ]
24 verbose get saving vue-router to C:\Users\monster\AppData\Roaming\npm-cache\registry.npmjs.org\vue-router\.cache.json
25 verbose correctMkdir C:\Users\monster\AppData\Roaming\npm-cache correctMkdir not in flight; initializing
26 silly fetchPackageMetaData Error: No compatible version found: vue-router@0.75
26 silly fetchPackageMetaData Valid install targets:
26 silly fetchPackageMetaData 2.7.0, 2.6.0, 2.5.3, 2.5.2, 2.5.1, 2.5.0, 2.4.0, 2.3.1, 2.3.0, 2.2.1, 2.2.0, 2.1.3, 2.1.2, 2.1.1, 2.1.0, 2.0.3, 2.0.2, 2.0.1, 2.0.0, 2.0.0-rc.7, 2.0.0-rc.6, 2.0.0-rc.5, 2.0.0-rc.4, 2.0.0-rc.3, 2.0.0-rc.2, 2.0.0-rc.1, 2.0.0-beta.4, 2.0.0-beta.3, 2.0.0-beta.2, 2.0.0-beta.1, 0.7.13, 0.7.12, 0.7.11, 0.7.10, 0.7.9, 0.7.8, 0.7.7, 0.7.6, 0.7.5, 0.7.4, 0.7.3, 0.7.2, 0.7.1, 0.7.0, 0.6.2, 0.6.1, 0.6.0, 0.5.2, 0.5.1, 0.5.0, 0.4.0
26 silly fetchPackageMetaData
26 silly fetchPackageMetaData     at pickVersionFromRegistryDocument (C:\Program Files\nodejs\node_modules\npm\lib\fetch-package-metadata.js:178:16)
26 silly fetchPackageMetaData     at C:\Program Files\nodejs\node_modules\npm\node_modules\iferr\index.js:13:50
26 silly fetchPackageMetaData     at C:\Program Files\nodejs\node_modules\npm\lib\utils\pulse-till-done.js:20:8
26 silly fetchPackageMetaData     at saved (C:\Program Files\nodejs\node_modules\npm\lib\cache\caching-client.js:174:7)
26 silly fetchPackageMetaData     at C:\Program Files\nodejs\node_modules\npm\node_modules\graceful-fs\polyfills.js:233:18
26 silly fetchPackageMetaData     at FSReqWrap.oncomplete (fs.js:123:15)
26 silly fetchPackageMetaData  error for vue-router@0.75 { Error: No compatible version found: vue-router@0.75
26 silly fetchPackageMetaData Valid install targets:
26 silly fetchPackageMetaData 2.7.0, 2.6.0, 2.5.3, 2.5.2, 2.5.1, 2.5.0, 2.4.0, 2.3.1, 2.3.0, 2.2.1, 2.2.0, 2.1.3, 2.1.2, 2.1.1, 2.1.0, 2.0.3, 2.0.2, 2.0.1, 2.0.0, 2.0.0-rc.7, 2.0.0-rc.6, 2.0.0-rc.5, 2.0.0-rc.4, 2.0.0-rc.3, 2.0.0-rc.2, 2.0.0-rc.1, 2.0.0-beta.4, 2.0.0-beta.3, 2.0.0-beta.2, 2.0.0-beta.1, 0.7.13, 0.7.12, 0.7.11, 0.7.10, 0.7.9, 0.7.8, 0.7.7, 0.7.6, 0.7.5, 0.7.4, 0.7.3, 0.7.2, 0.7.1, 0.7.0, 0.6.2, 0.6.1, 0.6.0, 0.5.2, 0.5.1, 0.5.0, 0.4.0
26 silly fetchPackageMetaData
26 silly fetchPackageMetaData     at pickVersionFromRegistryDocument (C:\Program Files\nodejs\node_modules\npm\lib\fetch-package-metadata.js:178:16)
26 silly fetchPackageMetaData     at C:\Program Files\nodejs\node_modules\npm\node_modules\iferr\index.js:13:50
26 silly fetchPackageMetaData     at C:\Program Files\nodejs\node_modules\npm\lib\utils\pulse-till-done.js:20:8
26 silly fetchPackageMetaData     at saved (C:\Program Files\nodejs\node_modules\npm\lib\cache\caching-client.js:174:7)
26 silly fetchPackageMetaData     at C:\Program Files\nodejs\node_modules\npm\node_modules\graceful-fs\polyfills.js:233:18
26 silly fetchPackageMetaData     at FSReqWrap.oncomplete (fs.js:123:15) code: 'ETARGET' }
27 silly rollbackFailedOptional Starting
28 silly rollbackFailedOptional Finishing
29 silly runTopLevelLifecycles Finishing
30 silly install printInstalled
31 verbose stack Error: No compatible version found: vue-router@0.75
31 verbose stack Valid install targets:
31 verbose stack 2.7.0, 2.6.0, 2.5.3, 2.5.2, 2.5.1, 2.5.0, 2.4.0, 2.3.1, 2.3.0, 2.2.1, 2.2.0, 2.1.3, 2.1.2, 2.1.1, 2.1.0, 2.0.3, 2.0.2, 2.0.1, 2.0.0, 2.0.0-rc.7, 2.0.0-rc.6, 2.0.0-rc.5, 2.0.0-rc.4, 2.0.0-rc.3, 2.0.0-rc.2, 2.0.0-rc.1, 2.0.0-beta.4, 2.0.0-beta.3, 2.0.0-beta.2, 2.0.0-beta.1, 0.7.13, 0.7.12, 0.7.11, 0.7.10, 0.7.9, 0.7.8, 0.7.7, 0.7.6, 0.7.5, 0.7.4, 0.7.3, 0.7.2, 0.7.1, 0.7.0, 0.6.2, 0.6.1, 0.6.0, 0.5.2, 0.5.1, 0.5.0, 0.4.0
31 verbose stack
31 verbose stack     at pickVersionFromRegistryDocument (C:\Program Files\nodejs\node_modules\npm\lib\fetch-package-metadata.js:178:16)
31 verbose stack     at C:\Program Files\nodejs\node_modules\npm\node_modules\iferr\index.js:13:50
31 verbose stack     at C:\Program Files\nodejs\node_modules\npm\lib\utils\pulse-till-done.js:20:8
31 verbose stack     at saved (C:\Program Files\nodejs\node_modules\npm\lib\cache\caching-client.js:174:7)
31 verbose stack     at C:\Program Files\nodejs\node_modules\npm\node_modules\graceful-fs\polyfills.js:233:18
31 verbose stack     at FSReqWrap.oncomplete (fs.js:123:15)
32 verbose cwd c:\douban\app
33 error Windows_NT 10.0.14393
34 error argv "C:\\Program Files\\nodejs\\node.exe" "C:\\Program Files\\nodejs\\node_modules\\npm\\bin\\npm-cli.js" "install" "vue-router@0.75" "--save-dev"
35 error node v6.9.1
36 error npm  v3.10.8
37 error code ETARGET
38 error notarget No compatible version found: vue-router@0.75
38 error notarget Valid install targets:
38 error notarget 2.7.0, 2.6.0, 2.5.3, 2.5.2, 2.5.1, 2.5.0, 2.4.0, 2.3.1, 2.3.0, 2.2.1, 2.2.0, 2.1.3, 2.1.2, 2.1.1, 2.1.0, 2.0.3, 2.0.2, 2.0.1, 2.0.0, 2.0.0-rc.7, 2.0.0-rc.6, 2.0.0-rc.5, 2.0.0-rc.4, 2.0.0-rc.3, 2.0.0-rc.2, 2.0.0-rc.1, 2.0.0-beta.4, 2.0.0-beta.3, 2.0.0-beta.2, 2.0.0-beta.1, 0.7.13, 0.7.12, 0.7.11, 0.7.10, 0.7.9, 0.7.8, 0.7.7, 0.7.6, 0.7.5, 0.7.4, 0.7.3, 0.7.2, 0.7.1, 0.7.0, 0.6.2, 0.6.1, 0.6.0, 0.5.2, 0.5.1, 0.5.0, 0.4.0
39 error notarget This is most likely not a problem with npm itself.
39 error notarget In most cases you or one of your dependencies are requesting
39 error notarget a package version that doesn't exist.
40 verbose exit [ 1, true ]
